<?xml version="1.0" encoding="UTF-8"?>
<!-- Generated by org.testng.reporters.JUnitReportReporter -->
<testsuite hostname="DESKTOP-3GQU54J" failures="0" tests="7" name="TestingTest_Script.WebTable_TestScript" time="14.332" errors="0" timestamp="2024-08-17T19:09:53 IST" skipped="0">
  <testcase classname="TestingTest_Script.WebTable_TestScript" name="Clickonclosed" time="0.263"/>
  <system-out/>
  <testcase classname="TestingTest_Script.WebTable_TestScript" name="ClickonPractice" time="2.154"/>
  <system-out/>
  <testcase classname="TestingTest_Script.WebTable_TestScript" name="Clickonelement" time="0.165"/>
  <system-out/>
  <testcase classname="TestingTest_Script.WebTable_TestScript" name="ClickonWebtable" time="0.315"/>
  <system-out/>
  <testcase classname="TestingTest_Script.WebTable_TestScript" name="ClickongetDetails" time="10.397"/>
  <system-out/>
  <testcase classname="TestingTest_Script.WebTable_TestScript" name="ClickOngetUIData" time="1.034"/>
  <system-out/>
  <testcase classname="TestingTest_Script.WebTable_TestScript" name="validationUIdata" time="0.004"/>
  <system-out/>
</testsuite> <!-- TestingTest_Script.WebTable_TestScript -->
