<?xml version="1.0" encoding="UTF-8"?>
<!-- Generated by org.testng.reporters.JUnitReportReporter -->
<testsuite hostname="DESKTOP-3GQU54J" failures="0" tests="6" name="TestingTest_Script.RadioButton_TestScript" time="10.167" errors="0" timestamp="2024-08-17T16:18:27 IST" skipped="0">
  <testcase classname="TestingTest_Script.RadioButton_TestScript" name="ClickonClosed" time="0.210"/>
  <system-out/>
  <testcase classname="TestingTest_Script.RadioButton_TestScript" name="ClickonPractice" time="3.771"/>
  <system-out/>
  <testcase classname="TestingTest_Script.RadioButton_TestScript" name="ClickonElements" time="0.165"/>
  <system-out/>
  <testcase classname="TestingTest_Script.RadioButton_TestScript" name="ClickonRadioButtons" time="0.322"/>
  <system-out/>
  <testcase classname="TestingTest_Script.RadioButton_TestScript" name="ClickOnbutton" time="4.503"/>
  <system-out/>
  <testcase classname="TestingTest_Script.RadioButton_TestScript" name="getVerifyRadiobutton" time="1.196"/>
  <system-out/>
</testsuite> <!-- TestingTest_Script.RadioButton_TestScript -->
