<?xml version="1.0" encoding="UTF-8"?>
<!-- Generated by org.testng.reporters.JUnitReportReporter -->
<testsuite hostname="DESKTOP-3GQU54J" failures="0" tests="7" name="TestingTest_Script.Testbox_TestScript" time="8.534" errors="0" timestamp="2024-08-17T12:52:27 IST" skipped="0">
  <testcase classname="TestingTest_Script.Testbox_TestScript" name="closedbtn" time="0.229"/>
  <system-out/>
  <testcase classname="TestingTest_Script.Testbox_TestScript" name="practicebtn" time="2.914"/>
  <system-out/>
  <testcase classname="TestingTest_Script.Testbox_TestScript" name="elementsbtn" time="0.255"/>
  <system-out/>
  <testcase classname="TestingTest_Script.Testbox_TestScript" name="textboxbtn" time="0.370"/>
  <system-out/>
  <testcase classname="TestingTest_Script.Testbox_TestScript" name="getfilldetails" time="3.733"/>
  <system-out/>
  <testcase classname="TestingTest_Script.Testbox_TestScript" name="getUIDetails" time="0.241"/>
  <system-out/>
  <testcase classname="TestingTest_Script.Testbox_TestScript" name="getValidation" time="0.792"/>
  <system-out/>
</testsuite> <!-- TestingTest_Script.Testbox_TestScript -->
