<?xml version="1.0" encoding="UTF-8"?>
<!-- Generated by org.testng.reporters.JUnitReportReporter -->
<testsuite hostname="DESKTOP-3GQU54J" failures="0" tests="3" name="Data_Provider.Test_dataProvider" time="0.022" errors="0" timestamp="2024-07-11T16:35:49 IST" skipped="0">
  <testcase classname="Data_Provider.Test_dataProvider" name="main" time="0.003"/>
  <system-out/>
  <testcase classname="Data_Provider.Test_dataProvider" name="main" time="0.003"/>
  <system-out/>
  <testcase classname="Data_Provider.Test_dataProvider" name="main" time="0.016"/>
  <system-out/>
</testsuite> <!-- Data_Provider.Test_dataProvider -->
