<?xml version="1.0" encoding="UTF-8"?>
<!-- Generated by org.testng.reporters.JUnitReportReporter -->
<testsuite hostname="DESKTOP-3GQU54J" failures="0" tests="5" name="TestingTest_Script.Button_TestScript" time="3.830" errors="0" timestamp="2024-08-17T19:07:37 IST" skipped="0">
  <testcase classname="TestingTest_Script.Button_TestScript" name="ClickClosedbtn" time="0.299"/>
  <system-out/>
  <testcase classname="TestingTest_Script.Button_TestScript" name="ClickPracticebtn" time="2.162"/>
  <system-out/>
  <testcase classname="TestingTest_Script.Button_TestScript" name="ClickElementbtn" time="0.179"/>
  <system-out/>
  <testcase classname="TestingTest_Script.Button_TestScript" name="ClickOnButton" time="0.317"/>
  <system-out/>
  <testcase classname="TestingTest_Script.Button_TestScript" name="Buttons" time="0.873"/>
  <system-out/>
</testsuite> <!-- TestingTest_Script.Button_TestScript -->
