<?xml version="1.0" encoding="UTF-8"?>
<!-- Generated by org.testng.reporters.JUnitReportReporter -->
<testsuite hostname="DESKTOP-3GQU54J" failures="0" tests="2" name="TestingTest_Script.Login_TestScript" time="0.100" errors="0" timestamp="2024-08-17T12:50:59 IST" skipped="0">
  <testcase classname="TestingTest_Script.Login_TestScript" name="getTitleURL" time="0.064"/>
  <system-out/>
  <testcase classname="TestingTest_Script.Login_TestScript" name="VeriryURL" time="0.036"/>
  <system-out/>
</testsuite> <!-- TestingTest_Script.Login_TestScript -->
