<?xml version="1.0" encoding="UTF-8"?>
<!-- Generated by org.testng.reporters.JUnitReportReporter -->
<testsuite hostname="DESKTOP-3GQU54J" failures="0" tests="12" name="TestingTest_Script.Link_TestScript" time="7.229" errors="0" timestamp="2024-08-17T19:05:40 IST" skipped="0">
  <testcase classname="TestingTest_Script.Link_TestScript" name="closedbtn" time="0.282"/>
  <system-out/>
  <testcase classname="TestingTest_Script.Link_TestScript" name="practicebtn" time="4.113"/>
  <system-out/>
  <testcase classname="TestingTest_Script.Link_TestScript" name="elementsbtn" time="0.175"/>
  <system-out/>
  <testcase classname="TestingTest_Script.Link_TestScript" name="Linksbtn" time="0.264"/>
  <system-out/>
  <testcase classname="TestingTest_Script.Link_TestScript" name="ClickDemoPage" time="1.001"/>
  <system-out/>
  <testcase classname="TestingTest_Script.Link_TestScript" name="ClickOnCreatedbtn" time="0.271"/>
  <system-out/>
  <testcase classname="TestingTest_Script.Link_TestScript" name="ClickOnNoContent" time="0.186"/>
  <system-out/>
  <testcase classname="TestingTest_Script.Link_TestScript" name="ClickOnMovedbtn" time="0.184"/>
  <system-out/>
  <testcase classname="TestingTest_Script.Link_TestScript" name="ClickOnBadrequest" time="0.168"/>
  <system-out/>
  <testcase classname="TestingTest_Script.Link_TestScript" name="ClickOnUnauthorizedbtn" time="0.193"/>
  <system-out/>
  <testcase classname="TestingTest_Script.Link_TestScript" name="ClickOnNoForbiddenbtn" time="0.208"/>
  <system-out/>
  <testcase classname="TestingTest_Script.Link_TestScript" name="ClickOnNotFoundbtn" time="0.184"/>
  <system-out/>
</testsuite> <!-- TestingTest_Script.Link_TestScript -->
