<?xml version="1.0" encoding="UTF-8"?>
<!-- Generated by org.testng.reporters.JUnitReportReporter -->
<testsuite hostname="DESKTOP-3GQU54J" failures="0" tests="7" name="TestingTest_Script.CheckBox_Test" time="6.247" errors="0" timestamp="2024-08-17T14:35:55 IST" skipped="0">
  <testcase classname="TestingTest_Script.CheckBox_Test" name="ClickonClosed" time="0.288"/>
  <system-out/>
  <testcase classname="TestingTest_Script.CheckBox_Test" name="ClickonPractice" time="2.064"/>
  <system-out/>
  <testcase classname="TestingTest_Script.CheckBox_Test" name="ClickonElements" time="0.159"/>
  <system-out/>
  <testcase classname="TestingTest_Script.CheckBox_Test" name="ClickonCheckbox" time="0.251"/>
  <system-out/>
  <testcase classname="TestingTest_Script.CheckBox_Test" name="getdetails" time="0.002"/>
  <system-out/>
  <testcase classname="TestingTest_Script.CheckBox_Test" name="readexceldata" time="2.598"/>
  <system-out/>
  <testcase classname="TestingTest_Script.CheckBox_Test" name="getVerify" time="0.885"/>
  <system-out/>
</testsuite> <!-- TestingTest_Script.CheckBox_Test -->
